{"/Users/Admin/lyrics_generator/Components/App.js": {"path":"/Users/Admin/lyrics_generator/Components/App.js","statementMap":{"0":{"start":{"line":1,"column":13},"end":{"line":1,"column":75}},"1":{"start":{"line":1,"column":75},"end":{"line":1,"column":100}},"2":{"start":{"line":9,"column":13},"end":{"line":9,"column":66}},"3":{"start":{"line":10,"column":17},"end":{"line":10,"column":74}},"4":{"start":{"line":13,"column":18},"end":{"line":13,"column":40}},"5":{"start":{"line":14,"column":13},"end":{"line":14,"column":29}},"6":{"start":{"line":15,"column":30},"end":{"line":15,"column":65}},"7":{"start":{"line":18,"column":17},"end":{"line":18,"column":74}},"8":{"start":{"line":21,"column":19},"end":{"line":21,"column":86}},"9":{"start":{"line":24,"column":16},"end":{"line":24,"column":80}},"10":{"start":{"line":27,"column":16},"end":{"line":27,"column":73}},"11":{"start":{"line":27,"column":93},"end":{"line":27,"column":142}},"12":{"start":{"line":30,"column":6},"end":{"line":52,"column":40}},"13":{"start":{"line":30,"column":29},"end":{"line":30,"column":68}},"14":{"start":{"line":30,"column":84},"end":{"line":30,"column":123}},"15":{"start":{"line":30,"column":123},"end":{"line":30,"column":232}},"16":{"start":{"line":30,"column":233},"end":{"line":52,"column":10}},"17":{"start":{"line":33,"column":23},"end":{"line":33,"column":25}},"18":{"start":{"line":36,"column":27},"end":{"line":36,"column":52}},"19":{"start":{"line":37,"column":6},"end":{"line":37,"column":38}},"20":{"start":{"line":40,"column":22},"end":{"line":40,"column":120}},"21":{"start":{"line":43,"column":18},"end":{"line":43,"column":74}},"22":{"start":{"line":45,"column":6},"end":{"line":45,"column":44}},"23":{"start":{"line":47,"column":6},"end":{"line":49,"column":116}},"24":{"start":{"line":52,"column":10},"end":{"line":52,"column":21}},"25":{"start":{"line":55,"column":0},"end":{"line":55,"column":19}},"26":{"start":{"line":56,"column":0},"end":{"line":56,"column":22}},"27":{"start":{"line":58,"column":0},"end":{"line":58,"column":3}},"28":{"start":{"line":58,"column":4},"end":{"line":58,"column":31}}},"fnMap":{"0":{"name":"(anonymous_0)","decl":{"start":{"line":30,"column":6},"end":{"line":30,"column":7}},"loc":{"start":{"line":30,"column":28},"end":{"line":52,"column":22}},"line":30},"1":{"name":"App","decl":{"start":{"line":30,"column":77},"end":{"line":30,"column":80}},"loc":{"start":{"line":30,"column":83},"end":{"line":30,"column":233}},"line":30},"2":{"name":"render","decl":{"start":{"line":30,"column":297},"end":{"line":30,"column":303}},"loc":{"start":{"line":31,"column":4},"end":{"line":52,"column":5}},"line":31}},"branchMap":{},"s":{"0":1,"1":1,"2":1,"3":1,"4":1,"5":1,"6":1,"7":1,"8":1,"9":1,"10":1,"11":1,"12":1,"13":1,"14":1,"15":1,"16":1,"17":1,"18":1,"19":1,"20":1,"21":1,"22":1,"23":1,"24":1,"25":1,"26":1,"27":1,"28":1},"f":{"0":1,"1":1,"2":1},"b":{},"_coverageSchema":"332fd63041d2c1bcb487cc26dd0d5f7d97098a6c","hash":"6bdb353edf6093681712c6ab07b5f39743a2297b"}
,"/Users/Admin/lyrics_generator/Components/ErrorOccurred.js": {"path":"/Users/Admin/lyrics_generator/Components/ErrorOccurred.js","statementMap":{"0":{"start":{"line":1,"column":13},"end":{"line":1,"column":75}},"1":{"start":{"line":1,"column":75},"end":{"line":1,"column":100}},"2":{"start":{"line":7,"column":13},"end":{"line":7,"column":66}},"3":{"start":{"line":8,"column":17},"end":{"line":8,"column":74}},"4":{"start":{"line":11,"column":19},"end":{"line":11,"column":42}},"5":{"start":{"line":14,"column":21},"end":{"line":14,"column":90}},"6":{"start":{"line":14,"column":110},"end":{"line":14,"column":169}},"7":{"start":{"line":16,"column":20},"end":{"line":30,"column":1}},"8":{"start":{"line":17,"column":16},"end":{"line":17,"column":33}},"9":{"start":{"line":19,"column":2},"end":{"line":26,"column":85}},"10":{"start":{"line":32,"column":0},"end":{"line":33,"column":52}},"11":{"start":{"line":35,"column":0},"end":{"line":35,"column":32}},"12":{"start":{"line":37,"column":0},"end":{"line":37,"column":13}},"13":{"start":{"line":37,"column":14},"end":{"line":37,"column":41}}},"fnMap":{"0":{"name":"ErrorOccurred","decl":{"start":{"line":16,"column":29},"end":{"line":16,"column":42}},"loc":{"start":{"line":16,"column":50},"end":{"line":30,"column":1}},"line":16}},"branchMap":{},"s":{"0":3,"1":3,"2":3,"3":3,"4":3,"5":3,"6":3,"7":3,"8":3,"9":3,"10":3,"11":3,"12":3,"13":3},"f":{"0":3},"b":{},"_coverageSchema":"332fd63041d2c1bcb487cc26dd0d5f7d97098a6c","hash":"ee379632f77a281335101039162f83853990c28c"}
,"/Users/Admin/lyrics_generator/Components/GenerateForm.js": {"path":"/Users/Admin/lyrics_generator/Components/GenerateForm.js","statementMap":{"0":{"start":{"line":1,"column":13},"end":{"line":1,"column":75}},"1":{"start":{"line":1,"column":75},"end":{"line":1,"column":100}},"2":{"start":{"line":8,"column":13},"end":{"line":8,"column":66}},"3":{"start":{"line":9,"column":17},"end":{"line":9,"column":74}},"4":{"start":{"line":12,"column":19},"end":{"line":12,"column":42}},"5":{"start":{"line":15,"column":20},"end":{"line":15,"column":88}},"6":{"start":{"line":15,"column":108},"end":{"line":15,"column":166}},"7":{"start":{"line":18,"column":15},"end":{"line":67,"column":49}},"8":{"start":{"line":18,"column":38},"end":{"line":18,"column":86}},"9":{"start":{"line":19,"column":42},"end":{"line":19,"column":90}},"10":{"start":{"line":20,"column":4},"end":{"line":20,"column":118}},"11":{"start":{"line":20,"column":118},"end":{"line":30,"column":6}},"12":{"start":{"line":29,"column":6},"end":{"line":29,"column":41}},"13":{"start":{"line":30,"column":6},"end":{"line":34,"column":6}},"14":{"start":{"line":33,"column":6},"end":{"line":33,"column":39}},"15":{"start":{"line":34,"column":6},"end":{"line":34,"column":72}},"16":{"start":{"line":34,"column":72},"end":{"line":34,"column":85}},"17":{"start":{"line":34,"column":86},"end":{"line":67,"column":10}},"18":{"start":{"line":37,"column":31},"end":{"line":37,"column":64}},"19":{"start":{"line":38,"column":6},"end":{"line":38,"column":16}},"20":{"start":{"line":38,"column":26},"end":{"line":38,"column":44}},"21":{"start":{"line":38,"column":54},"end":{"line":38,"column":72}},"22":{"start":{"line":40,"column":6},"end":{"line":63,"column":87}},"23":{"start":{"line":62,"column":39},"end":{"line":62,"column":85}},"24":{"start":{"line":67,"column":10},"end":{"line":67,"column":30}},"25":{"start":{"line":70,"column":0},"end":{"line":71,"column":63}},"26":{"start":{"line":73,"column":0},"end":{"line":73,"column":31}},"27":{"start":{"line":75,"column":0},"end":{"line":75,"column":12}},"28":{"start":{"line":75,"column":13},"end":{"line":75,"column":40}}},"fnMap":{"0":{"name":"(anonymous_0)","decl":{"start":{"line":18,"column":15},"end":{"line":18,"column":16}},"loc":{"start":{"line":18,"column":37},"end":{"line":67,"column":31}},"line":18},"1":{"name":"GenerateForm","decl":{"start":{"line":19,"column":11},"end":{"line":19,"column":23}},"loc":{"start":{"line":19,"column":31},"end":{"line":34,"column":86}},"line":19},"2":{"name":"(anonymous_2)","decl":{"start":{"line":28,"column":21},"end":{"line":28,"column":22}},"loc":{"start":{"line":28,"column":39},"end":{"line":30,"column":5}},"line":28},"3":{"name":"(anonymous_3)","decl":{"start":{"line":32,"column":21},"end":{"line":32,"column":22}},"loc":{"start":{"line":32,"column":37},"end":{"line":34,"column":5}},"line":32},"4":{"name":"render","decl":{"start":{"line":34,"column":159},"end":{"line":34,"column":165}},"loc":{"start":{"line":36,"column":4},"end":{"line":67,"column":5}},"line":36},"5":{"name":"onPress","decl":{"start":{"line":62,"column":28},"end":{"line":62,"column":35}},"loc":{"start":{"line":62,"column":38},"end":{"line":62,"column":86}},"line":62}},"branchMap":{},"s":{"0":3,"1":3,"2":3,"3":3,"4":3,"5":3,"6":3,"7":3,"8":3,"9":7,"10":7,"11":7,"12":1,"13":7,"14":1,"15":7,"16":7,"17":3,"18":9,"19":9,"20":9,"21":9,"22":9,"23":1,"24":3,"25":3,"26":3,"27":3,"28":3},"f":{"0":3,"1":7,"2":1,"3":1,"4":9,"5":1},"b":{},"_coverageSchema":"332fd63041d2c1bcb487cc26dd0d5f7d97098a6c","hash":"72a925595702d2480d42360a3b44af72f7bf5450"}
,"/Users/Admin/lyrics_generator/Components/Loading.js": {"path":"/Users/Admin/lyrics_generator/Components/Loading.js","statementMap":{"0":{"start":{"line":1,"column":13},"end":{"line":1,"column":75}},"1":{"start":{"line":1,"column":75},"end":{"line":1,"column":100}},"2":{"start":{"line":7,"column":13},"end":{"line":7,"column":65}},"3":{"start":{"line":10,"column":19},"end":{"line":10,"column":42}},"4":{"start":{"line":13,"column":15},"end":{"line":13,"column":78}},"5":{"start":{"line":13,"column":98},"end":{"line":13,"column":151}},"6":{"start":{"line":15,"column":14},"end":{"line":17,"column":1}},"7":{"start":{"line":16,"column":2},"end":{"line":16,"column":163}},"8":{"start":{"line":19,"column":0},"end":{"line":19,"column":23}},"9":{"start":{"line":20,"column":0},"end":{"line":20,"column":26}},"10":{"start":{"line":22,"column":0},"end":{"line":22,"column":7}},"11":{"start":{"line":22,"column":8},"end":{"line":22,"column":35}}},"fnMap":{"0":{"name":"Loading","decl":{"start":{"line":15,"column":23},"end":{"line":15,"column":30}},"loc":{"start":{"line":15,"column":33},"end":{"line":17,"column":1}},"line":15}},"branchMap":{},"s":{"0":3,"1":3,"2":3,"3":3,"4":3,"5":3,"6":3,"7":2,"8":3,"9":3,"10":3,"11":3},"f":{"0":2},"b":{},"_coverageSchema":"332fd63041d2c1bcb487cc26dd0d5f7d97098a6c","hash":"46ce631aea56e9dc7441aa8b3c99f2d4fd8ee3d6"}
,"/Users/Admin/lyrics_generator/Components/Lyrics.js": {"path":"/Users/Admin/lyrics_generator/Components/Lyrics.js","statementMap":{"0":{"start":{"line":1,"column":13},"end":{"line":1,"column":75}},"1":{"start":{"line":1,"column":75},"end":{"line":1,"column":100}},"2":{"start":{"line":7,"column":13},"end":{"line":7,"column":66}},"3":{"start":{"line":8,"column":17},"end":{"line":8,"column":74}},"4":{"start":{"line":11,"column":19},"end":{"line":11,"column":42}},"5":{"start":{"line":14,"column":15},"end":{"line":14,"column":78}},"6":{"start":{"line":14,"column":98},"end":{"line":14,"column":150}},"7":{"start":{"line":16,"column":13},"end":{"line":38,"column":1}},"8":{"start":{"line":17,"column":16},"end":{"line":17,"column":33}},"9":{"start":{"line":17,"column":43},"end":{"line":17,"column":55}},"10":{"start":{"line":17,"column":65},"end":{"line":17,"column":77}},"11":{"start":{"line":17,"column":87},"end":{"line":17,"column":99}},"12":{"start":{"line":19,"column":2},"end":{"line":34,"column":85}},"13":{"start":{"line":33,"column":35},"end":{"line":33,"column":70}},"14":{"start":{"line":40,"column":0},"end":{"line":44,"column":49}},"15":{"start":{"line":46,"column":0},"end":{"line":46,"column":25}},"16":{"start":{"line":48,"column":0},"end":{"line":48,"column":6}},"17":{"start":{"line":48,"column":7},"end":{"line":48,"column":34}}},"fnMap":{"0":{"name":"Lyrics","decl":{"start":{"line":16,"column":22},"end":{"line":16,"column":28}},"loc":{"start":{"line":16,"column":36},"end":{"line":38,"column":1}},"line":16},"1":{"name":"onPress","decl":{"start":{"line":33,"column":24},"end":{"line":33,"column":31}},"loc":{"start":{"line":33,"column":34},"end":{"line":33,"column":71}},"line":33}},"branchMap":{},"s":{"0":3,"1":3,"2":3,"3":3,"4":3,"5":3,"6":3,"7":3,"8":2,"9":2,"10":2,"11":2,"12":2,"13":1,"14":3,"15":3,"16":3,"17":3},"f":{"0":2,"1":1},"b":{},"_coverageSchema":"332fd63041d2c1bcb487cc26dd0d5f7d97098a6c","hash":"32d746a44f76217bc0bfffc80bdc84c41eb7c9d1"}
,"/Users/Admin/lyrics_generator/Components/ReduxApp.js": {"path":"/Users/Admin/lyrics_generator/Components/ReduxApp.js","statementMap":{"0":{"start":{"line":1,"column":13},"end":{"line":1,"column":75}},"1":{"start":{"line":1,"column":75},"end":{"line":1,"column":118}},"2":{"start":{"line":9,"column":13},"end":{"line":9,"column":66}},"3":{"start":{"line":10,"column":17},"end":{"line":10,"column":74}},"4":{"start":{"line":13,"column":19},"end":{"line":13,"column":42}},"5":{"start":{"line":16,"column":18},"end":{"line":16,"column":40}},"6":{"start":{"line":19,"column":22},"end":{"line":19,"column":56}},"7":{"start":{"line":22,"column":21},"end":{"line":22,"column":83}},"8":{"start":{"line":23,"column":20},"end":{"line":23,"column":81}},"9":{"start":{"line":24,"column":15},"end":{"line":24,"column":71}},"10":{"start":{"line":25,"column":14},"end":{"line":25,"column":69}},"11":{"start":{"line":28,"column":16},"end":{"line":28,"column":80}},"12":{"start":{"line":28,"column":100},"end":{"line":28,"column":154}},"13":{"start":{"line":31,"column":10},"end":{"line":71,"column":44}},"14":{"start":{"line":31,"column":33},"end":{"line":31,"column":76}},"15":{"start":{"line":31,"column":96},"end":{"line":31,"column":139}},"16":{"start":{"line":31,"column":139},"end":{"line":31,"column":252}},"17":{"start":{"line":31,"column":253},"end":{"line":71,"column":10}},"18":{"start":{"line":37,"column":6},"end":{"line":37,"column":16}},"19":{"start":{"line":37,"column":31},"end":{"line":37,"column":54}},"20":{"start":{"line":37,"column":80},"end":{"line":37,"column":114}},"21":{"start":{"line":37,"column":139},"end":{"line":37,"column":165}},"22":{"start":{"line":37,"column":174},"end":{"line":37,"column":201}},"23":{"start":{"line":37,"column":214},"end":{"line":37,"column":245}},"24":{"start":{"line":37,"column":255},"end":{"line":37,"column":283}},"25":{"start":{"line":37,"column":293},"end":{"line":37,"column":321}},"26":{"start":{"line":37,"column":331},"end":{"line":37,"column":359}},"27":{"start":{"line":39,"column":6},"end":{"line":45,"column":7}},"28":{"start":{"line":40,"column":8},"end":{"line":42,"column":117}},"29":{"start":{"line":47,"column":6},"end":{"line":53,"column":7}},"30":{"start":{"line":48,"column":8},"end":{"line":50,"column":149}},"31":{"start":{"line":55,"column":6},"end":{"line":67,"column":168}},"32":{"start":{"line":71,"column":10},"end":{"line":71,"column":25}},"33":{"start":{"line":71,"column":45},"end":{"line":71,"column":71}},"34":{"start":{"line":74,"column":22},"end":{"line":75,"column":44}},"35":{"start":{"line":74,"column":55},"end":{"line":75,"column":43}},"36":{"start":{"line":78,"column":25},"end":{"line":81,"column":98}},"37":{"start":{"line":78,"column":64},"end":{"line":81,"column":97}},"38":{"start":{"line":79,"column":77},"end":{"line":80,"column":79}},"39":{"start":{"line":81,"column":41},"end":{"line":81,"column":93}},"40":{"start":{"line":84,"column":15},"end":{"line":84,"column":85}},"41":{"start":{"line":86,"column":0},"end":{"line":94,"column":54}},"42":{"start":{"line":98,"column":0},"end":{"line":98,"column":27}},"43":{"start":{"line":100,"column":0},"end":{"line":100,"column":8}},"44":{"start":{"line":100,"column":9},"end":{"line":100,"column":36}}},"fnMap":{"0":{"name":"(anonymous_0)","decl":{"start":{"line":31,"column":10},"end":{"line":31,"column":11}},"loc":{"start":{"line":31,"column":32},"end":{"line":71,"column":26}},"line":31},"1":{"name":"MainApp","decl":{"start":{"line":31,"column":85},"end":{"line":31,"column":92}},"loc":{"start":{"line":31,"column":95},"end":{"line":31,"column":253}},"line":31},"2":{"name":"render","decl":{"start":{"line":31,"column":321},"end":{"line":31,"column":327}},"loc":{"start":{"line":32,"column":4},"end":{"line":71,"column":5}},"line":32},"3":{"name":"mapStateToProps","decl":{"start":{"line":74,"column":31},"end":{"line":74,"column":46}},"loc":{"start":{"line":74,"column":54},"end":{"line":75,"column":44}},"line":74},"4":{"name":"mapDispatchToProps","decl":{"start":{"line":78,"column":34},"end":{"line":78,"column":52}},"loc":{"start":{"line":78,"column":63},"end":{"line":81,"column":98}},"line":78},"5":{"name":"lyricGenerationRequest","decl":{"start":{"line":79,"column":37},"end":{"line":79,"column":59}},"loc":{"start":{"line":79,"column":76},"end":{"line":80,"column":80}},"line":79},"6":{"name":"clearLyrics","decl":{"start":{"line":81,"column":26},"end":{"line":81,"column":37}},"loc":{"start":{"line":81,"column":40},"end":{"line":81,"column":94}},"line":81}},"branchMap":{"0":{"loc":{"start":{"line":39,"column":6},"end":{"line":45,"column":7}},"type":"if","locations":[{"start":{"line":39,"column":6},"end":{"line":45,"column":7}},{"start":{"line":39,"column":6},"end":{"line":45,"column":7}}],"line":39},"1":{"loc":{"start":{"line":47,"column":6},"end":{"line":53,"column":7}},"type":"if","locations":[{"start":{"line":47,"column":6},"end":{"line":53,"column":7}},{"start":{"line":47,"column":6},"end":{"line":53,"column":7}}],"line":47},"2":{"loc":{"start":{"line":59,"column":8},"end":{"line":67,"column":165}},"type":"cond-expr","locations":[{"start":{"line":60,"column":8},"end":{"line":64,"column":81}},{"start":{"line":67,"column":8},"end":{"line":67,"column":165}}],"line":59}},"s":{"0":2,"1":2,"2":2,"3":2,"4":2,"5":2,"6":2,"7":2,"8":2,"9":2,"10":2,"11":2,"12":2,"13":2,"14":2,"15":5,"16":5,"17":2,"18":5,"19":5,"20":5,"21":5,"22":5,"23":5,"24":5,"25":5,"26":5,"27":5,"28":1,"29":4,"30":1,"31":3,"32":2,"33":2,"34":2,"35":1,"36":2,"37":1,"38":0,"39":0,"40":2,"41":2,"42":2,"43":2,"44":2},"f":{"0":2,"1":5,"2":5,"3":1,"4":1,"5":0,"6":0},"b":{"0":[1,4],"1":[1,3],"2":[0,3]},"_coverageSchema":"332fd63041d2c1bcb487cc26dd0d5f7d97098a6c","hash":"2f25b59f08324ce7e3393de47df78ed06525d782"}
,"/Users/Admin/lyrics_generator/Components/styles/ErrorOccurred.js": {"path":"/Users/Admin/lyrics_generator/Components/styles/ErrorOccurred.js","statementMap":{"0":{"start":{"line":1,"column":13},"end":{"line":1,"column":75}},"1":{"start":{"line":1,"column":75},"end":{"line":1,"column":100}},"2":{"start":{"line":2,"column":19},"end":{"line":2,"column":42}},"3":{"start":{"line":4,"column":13},"end":{"line":8,"column":19}},"4":{"start":{"line":12,"column":0},"end":{"line":12,"column":6}},"5":{"start":{"line":12,"column":7},"end":{"line":12,"column":34}}},"fnMap":{},"branchMap":{},"s":{"0":3,"1":3,"2":3,"3":3,"4":3,"5":3},"f":{},"b":{},"_coverageSchema":"332fd63041d2c1bcb487cc26dd0d5f7d97098a6c","hash":"c3c84717e190da2077144ed7be49b315288833f6"}
,"/Users/Admin/lyrics_generator/Components/styles/GenerateForm.js": {"path":"/Users/Admin/lyrics_generator/Components/styles/GenerateForm.js","statementMap":{"0":{"start":{"line":1,"column":13},"end":{"line":1,"column":75}},"1":{"start":{"line":1,"column":75},"end":{"line":1,"column":100}},"2":{"start":{"line":2,"column":19},"end":{"line":2,"column":42}},"3":{"start":{"line":4,"column":13},"end":{"line":12,"column":19}},"4":{"start":{"line":16,"column":0},"end":{"line":16,"column":6}},"5":{"start":{"line":16,"column":7},"end":{"line":16,"column":34}}},"fnMap":{},"branchMap":{},"s":{"0":3,"1":3,"2":3,"3":3,"4":3,"5":3},"f":{},"b":{},"_coverageSchema":"332fd63041d2c1bcb487cc26dd0d5f7d97098a6c","hash":"af9f1b78c60de499e39e8c47518e21255f6870b1"}
,"/Users/Admin/lyrics_generator/Components/styles/Loading.js": {"path":"/Users/Admin/lyrics_generator/Components/styles/Loading.js","statementMap":{"0":{"start":{"line":1,"column":13},"end":{"line":1,"column":75}},"1":{"start":{"line":1,"column":75},"end":{"line":1,"column":100}},"2":{"start":{"line":2,"column":19},"end":{"line":2,"column":42}},"3":{"start":{"line":4,"column":13},"end":{"line":8,"column":19}},"4":{"start":{"line":12,"column":0},"end":{"line":12,"column":6}},"5":{"start":{"line":12,"column":7},"end":{"line":12,"column":34}}},"fnMap":{},"branchMap":{},"s":{"0":4,"1":4,"2":4,"3":4,"4":4,"5":4},"f":{},"b":{},"_coverageSchema":"332fd63041d2c1bcb487cc26dd0d5f7d97098a6c","hash":"462a4fc90de753632348617023d1dcbf8d77464a"}
,"/Users/Admin/lyrics_generator/Components/styles/ReduxApp.js": {"path":"/Users/Admin/lyrics_generator/Components/styles/ReduxApp.js","statementMap":{"0":{"start":{"line":1,"column":13},"end":{"line":1,"column":75}},"1":{"start":{"line":1,"column":75},"end":{"line":1,"column":100}},"2":{"start":{"line":2,"column":19},"end":{"line":2,"column":42}},"3":{"start":{"line":4,"column":13},"end":{"line":14,"column":19}},"4":{"start":{"line":18,"column":0},"end":{"line":18,"column":6}},"5":{"start":{"line":18,"column":7},"end":{"line":18,"column":34}}},"fnMap":{},"branchMap":{},"s":{"0":2,"1":2,"2":2,"3":2,"4":2,"5":2},"f":{},"b":{},"_coverageSchema":"332fd63041d2c1bcb487cc26dd0d5f7d97098a6c","hash":"cfad4a5d0650f79c8a326f4c85d2b6cc59b9ad5c"}
,"/Users/Admin/lyrics_generator/Redux/actionCreators.js": {"path":"/Users/Admin/lyrics_generator/Redux/actionCreators.js","statementMap":{"0":{"start":{"line":1,"column":13},"end":{"line":1,"column":75}},"1":{"start":{"line":1,"column":75},"end":{"line":1,"column":203}},"2":{"start":{"line":1,"column":222},"end":{"line":1,"column":282}},"3":{"start":{"line":4,"column":18},"end":{"line":5,"column":47}},"4":{"start":{"line":4,"column":42},"end":{"line":5,"column":46}},"5":{"start":{"line":5,"column":48},"end":{"line":5,"column":82}},"6":{"start":{"line":9,"column":29},"end":{"line":11,"column":59}},"7":{"start":{"line":9,"column":69},"end":{"line":11,"column":58}},"8":{"start":{"line":11,"column":60},"end":{"line":11,"column":116}},"9":{"start":{"line":15,"column":29},"end":{"line":18,"column":59}},"10":{"start":{"line":15,"column":78},"end":{"line":18,"column":58}},"11":{"start":{"line":18,"column":60},"end":{"line":18,"column":116}},"12":{"start":{"line":22,"column":29},"end":{"line":24,"column":59}},"13":{"start":{"line":22,"column":70},"end":{"line":24,"column":58}},"14":{"start":{"line":24,"column":60},"end":{"line":24,"column":116}}},"fnMap":{"0":{"name":"clearLyrics","decl":{"start":{"line":4,"column":27},"end":{"line":4,"column":38}},"loc":{"start":{"line":4,"column":41},"end":{"line":5,"column":47}},"line":4},"1":{"name":"lyricGenerationFailure","decl":{"start":{"line":9,"column":38},"end":{"line":9,"column":60}},"loc":{"start":{"line":9,"column":68},"end":{"line":11,"column":59}},"line":9},"2":{"name":"lyricGenerationRequest","decl":{"start":{"line":15,"column":38},"end":{"line":15,"column":60}},"loc":{"start":{"line":15,"column":77},"end":{"line":18,"column":59}},"line":15},"3":{"name":"lyricGenerationSuccess","decl":{"start":{"line":22,"column":38},"end":{"line":22,"column":60}},"loc":{"start":{"line":22,"column":69},"end":{"line":24,"column":59}},"line":22}},"branchMap":{},"s":{"0":3,"1":3,"2":3,"3":3,"4":1,"5":3,"6":3,"7":1,"8":3,"9":3,"10":1,"11":3,"12":3,"13":1,"14":3},"f":{"0":1,"1":1,"2":1,"3":1},"b":{},"_coverageSchema":"332fd63041d2c1bcb487cc26dd0d5f7d97098a6c","hash":"572802dcf9d2f3d502e3c318177b64efaed5b9f4"}
,"/Users/Admin/lyrics_generator/Redux/actionTypes.js": {"path":"/Users/Admin/lyrics_generator/Redux/actionTypes.js","statementMap":{"0":{"start":{"line":1,"column":13},"end":{"line":1,"column":75}},"1":{"start":{"line":1,"column":75},"end":{"line":1,"column":100}},"2":{"start":{"line":1,"column":118},"end":{"line":5,"column":56}},"3":{"start":{"line":8,"column":0},"end":{"line":8,"column":11}},"4":{"start":{"line":8,"column":12},"end":{"line":8,"column":39}}},"fnMap":{},"branchMap":{},"s":{"0":4,"1":4,"2":4,"3":4,"4":4},"f":{},"b":{},"_coverageSchema":"332fd63041d2c1bcb487cc26dd0d5f7d97098a6c","hash":"cff65bed04abc46afd813ae52e0faa159079580f"}
,"/Users/Admin/lyrics_generator/Redux/lyricGenerator.js": {"path":"/Users/Admin/lyrics_generator/Redux/lyricGenerator.js","statementMap":{"0":{"start":{"line":1,"column":13},"end":{"line":1,"column":75}},"1":{"start":{"line":1,"column":75},"end":{"line":1,"column":123}},"2":{"start":{"line":1,"column":142},"end":{"line":1,"column":202}},"3":{"start":{"line":4,"column":19},"end":{"line":9,"column":39}},"4":{"start":{"line":9,"column":40},"end":{"line":9,"column":76}},"5":{"start":{"line":14,"column":21},"end":{"line":53,"column":1}},"6":{"start":{"line":14,"column":60},"end":{"line":14,"column":140}},"7":{"start":{"line":14,"column":154},"end":{"line":14,"column":201}},"8":{"start":{"line":15,"column":2},"end":{"line":51,"column":20}},"9":{"start":{"line":18,"column":6},"end":{"line":18,"column":26}},"10":{"start":{"line":22,"column":14},"end":{"line":22,"column":26}},"11":{"start":{"line":23,"column":6},"end":{"line":26,"column":28}},"12":{"start":{"line":32,"column":15},"end":{"line":32,"column":28}},"13":{"start":{"line":32,"column":38},"end":{"line":32,"column":51}},"14":{"start":{"line":33,"column":6},"end":{"line":38,"column":26}},"15":{"start":{"line":43,"column":15},"end":{"line":43,"column":28}},"16":{"start":{"line":44,"column":6},"end":{"line":48,"column":26}},"17":{"start":{"line":51,"column":6},"end":{"line":51,"column":19}},"18":{"start":{"line":55,"column":0},"end":{"line":55,"column":14}},"19":{"start":{"line":55,"column":15},"end":{"line":55,"column":42}}},"fnMap":{"0":{"name":"lyricGenerator","decl":{"start":{"line":14,"column":30},"end":{"line":14,"column":44}},"loc":{"start":{"line":14,"column":47},"end":{"line":53,"column":1}},"line":14}},"branchMap":{"0":{"loc":{"start":{"line":14,"column":60},"end":{"line":14,"column":140}},"type":"cond-expr","locations":[{"start":{"line":14,"column":113},"end":{"line":14,"column":125}},{"start":{"line":14,"column":128},"end":{"line":14,"column":140}}],"line":14},"1":{"loc":{"start":{"line":14,"column":60},"end":{"line":14,"column":110}},"type":"binary-expr","locations":[{"start":{"line":14,"column":60},"end":{"line":14,"column":80}},{"start":{"line":14,"column":84},"end":{"line":14,"column":110}}],"line":14},"2":{"loc":{"start":{"line":14,"column":154},"end":{"line":14,"column":201}},"type":"cond-expr","locations":[{"start":{"line":14,"column":177},"end":{"line":14,"column":189}},{"start":{"line":14,"column":192},"end":{"line":14,"column":201}}],"line":14},"3":{"loc":{"start":{"line":15,"column":2},"end":{"line":51,"column":20}},"type":"switch","locations":[{"start":{"line":17,"column":4},"end":{"line":18,"column":26}},{"start":{"line":21,"column":4},"end":{"line":26,"column":28}},{"start":{"line":31,"column":4},"end":{"line":38,"column":26}},{"start":{"line":42,"column":4},"end":{"line":48,"column":26}},{"start":{"line":50,"column":4},"end":{"line":51,"column":19}}],"line":15}},"s":{"0":2,"1":2,"2":2,"3":2,"4":2,"5":2,"6":8,"7":8,"8":8,"9":1,"10":1,"11":1,"12":1,"13":1,"14":1,"15":1,"16":1,"17":4,"18":2,"19":2},"f":{"0":8},"b":{"0":[4,4],"1":[8,8],"2":[8,0],"3":[1,1,1,1,4]},"_coverageSchema":"332fd63041d2c1bcb487cc26dd0d5f7d97098a6c","hash":"9498f34fc9b9d1632304df17302789121bae3484"}
,"/Users/Admin/lyrics_generator/Redux/lyricGeneratorSaga.js": {"path":"/Users/Admin/lyrics_generator/Redux/lyricGeneratorSaga.js","statementMap":{"0":{"start":{"line":1,"column":13},"end":{"line":1,"column":75}},"1":{"start":{"line":1,"column":75},"end":{"line":1,"column":139}},"2":{"start":{"line":1,"column":139},"end":{"line":1,"column":176}},"3":{"start":{"line":1,"column":195},"end":{"line":1,"column":255}},"4":{"start":{"line":3,"column":15},"end":{"line":3,"column":44}},"5":{"start":{"line":6,"column":22},"end":{"line":6,"column":49}},"6":{"start":{"line":6,"column":64},"end":{"line":12,"column":27}},"7":{"start":{"line":12,"column":39},"end":{"line":60,"column":19}},"8":{"start":{"line":60,"column":98},"end":{"line":60,"column":808}},"9":{"start":{"line":60,"column":177},"end":{"line":60,"column":790}},"10":{"start":{"line":60,"column":188},"end":{"line":60,"column":789}},"11":{"start":{"line":60,"column":235},"end":{"line":60,"column":282}},"12":{"start":{"line":60,"column":282},"end":{"line":60,"column":339}},"13":{"start":{"line":60,"column":339},"end":{"line":60,"column":357}},"14":{"start":{"line":60,"column":357},"end":{"line":60,"column":401}},"15":{"start":{"line":60,"column":408},"end":{"line":60,"column":431}},"16":{"start":{"line":60,"column":431},"end":{"line":60,"column":474}},"17":{"start":{"line":60,"column":448},"end":{"line":60,"column":467}},"18":{"start":{"line":60,"column":467},"end":{"line":60,"column":473}},"19":{"start":{"line":60,"column":474},"end":{"line":60,"column":492}},"20":{"start":{"line":60,"column":492},"end":{"line":60,"column":577}},"21":{"start":{"line":60,"column":584},"end":{"line":60,"column":603}},"22":{"start":{"line":60,"column":603},"end":{"line":60,"column":609}},"23":{"start":{"line":60,"column":617},"end":{"line":60,"column":636}},"24":{"start":{"line":60,"column":636},"end":{"line":60,"column":746}},"25":{"start":{"line":60,"column":765},"end":{"line":60,"column":788}},"26":{"start":{"line":60,"column":826},"end":{"line":60,"column":1293}},"27":{"start":{"line":60,"column":853},"end":{"line":60,"column":1292}},"28":{"start":{"line":60,"column":1039},"end":{"line":60,"column":1062}},"29":{"start":{"line":60,"column":1102},"end":{"line":60,"column":1130}},"30":{"start":{"line":60,"column":1131},"end":{"line":60,"column":1145}},"31":{"start":{"line":60,"column":1185},"end":{"line":60,"column":1274}},"32":{"start":{"line":60,"column":1275},"end":{"line":60,"column":1289}},"33":{"start":{"line":60,"column":1325},"end":{"line":63,"column":101}},"34":{"start":{"line":60,"column":1397},"end":{"line":63,"column":82}},"35":{"start":{"line":60,"column":1408},"end":{"line":63,"column":81}},"36":{"start":{"line":60,"column":1457},"end":{"line":60,"column":1476}},"37":{"start":{"line":61,"column":10},"end":{"line":63,"column":38}},"38":{"start":{"line":63,"column":56},"end":{"line":63,"column":80}}},"fnMap":{"0":{"name":"lyricGenerationRequestSaga","decl":{"start":{"line":60,"column":29},"end":{"line":60,"column":55}},"loc":{"start":{"line":60,"column":64},"end":{"line":60,"column":809}},"line":60},"1":{"name":"lyricGenerationRequestSaga$","decl":{"start":{"line":60,"column":138},"end":{"line":60,"column":165}},"loc":{"start":{"line":60,"column":176},"end":{"line":60,"column":791}},"line":60},"2":{"name":"APIRequest","decl":{"start":{"line":60,"column":835},"end":{"line":60,"column":845}},"loc":{"start":{"line":60,"column":852},"end":{"line":60,"column":1293}},"line":60},"3":{"name":"(anonymous_3)","decl":{"start":{"line":60,"column":1018},"end":{"line":60,"column":1019}},"loc":{"start":{"line":60,"column":1038},"end":{"line":60,"column":1063}},"line":60},"4":{"name":"(anonymous_4)","decl":{"start":{"line":60,"column":1070},"end":{"line":60,"column":1071}},"loc":{"start":{"line":60,"column":1088},"end":{"line":60,"column":1146}},"line":60},"5":{"name":"(anonymous_5)","decl":{"start":{"line":60,"column":1154},"end":{"line":60,"column":1155}},"loc":{"start":{"line":60,"column":1171},"end":{"line":60,"column":1290}},"line":60},"6":{"name":"lyricGeneratorSaga","decl":{"start":{"line":60,"column":1303},"end":{"line":60,"column":1321}},"loc":{"start":{"line":60,"column":1324},"end":{"line":63,"column":102}},"line":60},"7":{"name":"lyricGeneratorSaga$","decl":{"start":{"line":60,"column":1365},"end":{"line":60,"column":1384}},"loc":{"start":{"line":60,"column":1396},"end":{"line":63,"column":83}},"line":60}},"branchMap":{"0":{"loc":{"start":{"line":60,"column":188},"end":{"line":60,"column":789}},"type":"switch","locations":[{"start":{"line":60,"column":228},"end":{"line":60,"column":401}},{"start":{"line":60,"column":401},"end":{"line":60,"column":577}},{"start":{"line":60,"column":577},"end":{"line":60,"column":609}},{"start":{"line":60,"column":609},"end":{"line":60,"column":746}},{"start":{"line":60,"column":746},"end":{"line":60,"column":754}},{"start":{"line":60,"column":754},"end":{"line":60,"column":788}}],"line":60},"1":{"loc":{"start":{"line":60,"column":431},"end":{"line":60,"column":474}},"type":"if","locations":[{"start":{"line":60,"column":431},"end":{"line":60,"column":474}},{"start":{"line":60,"column":431},"end":{"line":60,"column":474}}],"line":60},"2":{"loc":{"start":{"line":60,"column":1408},"end":{"line":63,"column":81}},"type":"switch","locations":[{"start":{"line":60,"column":1450},"end":{"line":63,"column":38}},{"start":{"line":63,"column":38},"end":{"line":63,"column":45}},{"start":{"line":63,"column":45},"end":{"line":63,"column":80}}],"line":60}},"s":{"0":1,"1":1,"2":1,"3":1,"4":1,"5":1,"6":1,"7":1,"8":0,"9":0,"10":0,"11":0,"12":0,"13":0,"14":0,"15":0,"16":0,"17":0,"18":0,"19":0,"20":0,"21":0,"22":0,"23":0,"24":0,"25":0,"26":1,"27":0,"28":0,"29":0,"30":0,"31":0,"32":0,"33":1,"34":2,"35":2,"36":1,"37":1,"38":1},"f":{"0":0,"1":0,"2":0,"3":0,"4":0,"5":0,"6":1,"7":2},"b":{"0":[0,0,0,0,0,0],"1":[0,0],"2":[1,1,1]},"_coverageSchema":"332fd63041d2c1bcb487cc26dd0d5f7d97098a6c","hash":"5958e95e7b42a07e9f8601fa3e59cf91b05586d2"}
,"/Users/Admin/lyrics_generator/Redux/rootReducer.js": {"path":"/Users/Admin/lyrics_generator/Redux/rootReducer.js","statementMap":{"0":{"start":{"line":1,"column":13},"end":{"line":1,"column":75}},"1":{"start":{"line":1,"column":75},"end":{"line":1,"column":100}},"2":{"start":{"line":2,"column":13},"end":{"line":2,"column":29}},"3":{"start":{"line":5,"column":22},"end":{"line":5,"column":85}},"4":{"start":{"line":8,"column":0},"end":{"line":9,"column":44}},"5":{"start":{"line":9,"column":45},"end":{"line":9,"column":72}}},"fnMap":{},"branchMap":{},"s":{"0":1,"1":1,"2":1,"3":1,"4":1,"5":1},"f":{},"b":{},"_coverageSchema":"332fd63041d2c1bcb487cc26dd0d5f7d97098a6c","hash":"a41c4bb7b14d768f94bfcb2bef54bd32de6f3ad8"}
,"/Users/Admin/lyrics_generator/Redux/rootSaga.js": {"path":"/Users/Admin/lyrics_generator/Redux/rootSaga.js","statementMap":{"0":{"start":{"line":1,"column":13},"end":{"line":1,"column":75}},"1":{"start":{"line":1,"column":75},"end":{"line":1,"column":102}},"2":{"start":{"line":1,"column":117},"end":{"line":1,"column":146}},"3":{"start":{"line":2,"column":26},"end":{"line":2,"column":93}},"4":{"start":{"line":2,"column":108},"end":{"line":4,"column":9}},"5":{"start":{"line":4,"column":31},"end":{"line":5,"column":147}},"6":{"start":{"line":4,"column":92},"end":{"line":5,"column":129}},"7":{"start":{"line":4,"column":103},"end":{"line":5,"column":128}},"8":{"start":{"line":4,"column":150},"end":{"line":4,"column":168}},"9":{"start":{"line":5,"column":10},"end":{"line":5,"column":86}},"10":{"start":{"line":5,"column":104},"end":{"line":5,"column":127}}},"fnMap":{"0":{"name":"rootSaga","decl":{"start":{"line":4,"column":19},"end":{"line":4,"column":27}},"loc":{"start":{"line":4,"column":30},"end":{"line":5,"column":148}},"line":4},"1":{"name":"rootSaga$","decl":{"start":{"line":4,"column":71},"end":{"line":4,"column":80}},"loc":{"start":{"line":4,"column":91},"end":{"line":5,"column":130}},"line":4}},"branchMap":{"0":{"loc":{"start":{"line":4,"column":103},"end":{"line":5,"column":128}},"type":"switch","locations":[{"start":{"line":4,"column":143},"end":{"line":5,"column":86}},{"start":{"line":5,"column":86},"end":{"line":5,"column":93}},{"start":{"line":5,"column":93},"end":{"line":5,"column":127}}],"line":4}},"s":{"0":1,"1":1,"2":1,"3":1,"4":1,"5":1,"6":2,"7":2,"8":1,"9":1,"10":1},"f":{"0":1,"1":2},"b":{"0":[1,1,1]},"_coverageSchema":"332fd63041d2c1bcb487cc26dd0d5f7d97098a6c","hash":"07077415368701444018a0e7e9e67a37ec2e50cb"}
}
