{"/Users/Admin/lyrics_generator/ErrorOccurred.js": {"path":"/Users/Admin/lyrics_generator/ErrorOccurred.js","statementMap":{"0":{"start":{"line":1,"column":13},"end":{"line":1,"column":75}},"1":{"start":{"line":1,"column":75},"end":{"line":1,"column":100}},"2":{"start":{"line":7,"column":13},"end":{"line":7,"column":66}},"3":{"start":{"line":8,"column":17},"end":{"line":8,"column":74}},"4":{"start":{"line":11,"column":19},"end":{"line":11,"column":42}},"5":{"start":{"line":14,"column":21},"end":{"line":14,"column":90}},"6":{"start":{"line":14,"column":110},"end":{"line":14,"column":158}},"7":{"start":{"line":16,"column":20},"end":{"line":30,"column":1}},"8":{"start":{"line":17,"column":16},"end":{"line":17,"column":33}},"9":{"start":{"line":19,"column":2},"end":{"line":26,"column":85}},"10":{"start":{"line":32,"column":0},"end":{"line":33,"column":52}},"11":{"start":{"line":35,"column":0},"end":{"line":35,"column":32}},"12":{"start":{"line":37,"column":0},"end":{"line":37,"column":13}},"13":{"start":{"line":37,"column":14},"end":{"line":37,"column":41}}},"fnMap":{"0":{"name":"ErrorOccurred","decl":{"start":{"line":16,"column":29},"end":{"line":16,"column":42}},"loc":{"start":{"line":16,"column":50},"end":{"line":30,"column":1}},"line":16}},"branchMap":{},"s":{"0":2,"1":2,"2":2,"3":2,"4":2,"5":2,"6":2,"7":2,"8":2,"9":2,"10":2,"11":2,"12":2,"13":2},"f":{"0":2},"b":{},"_coverageSchema":"332fd63041d2c1bcb487cc26dd0d5f7d97098a6c","hash":"0b96207cb2803b9918c256e0a3383248c31ad261"}
,"/Users/Admin/lyrics_generator/GenerateForm.js": {"path":"/Users/Admin/lyrics_generator/GenerateForm.js","statementMap":{"0":{"start":{"line":1,"column":13},"end":{"line":1,"column":75}},"1":{"start":{"line":1,"column":75},"end":{"line":1,"column":100}},"2":{"start":{"line":8,"column":13},"end":{"line":8,"column":66}},"3":{"start":{"line":9,"column":17},"end":{"line":9,"column":74}},"4":{"start":{"line":12,"column":19},"end":{"line":12,"column":42}},"5":{"start":{"line":15,"column":20},"end":{"line":15,"column":88}},"6":{"start":{"line":15,"column":108},"end":{"line":15,"column":155}},"7":{"start":{"line":18,"column":15},"end":{"line":67,"column":49}},"8":{"start":{"line":18,"column":38},"end":{"line":18,"column":86}},"9":{"start":{"line":19,"column":42},"end":{"line":19,"column":90}},"10":{"start":{"line":20,"column":4},"end":{"line":20,"column":118}},"11":{"start":{"line":20,"column":118},"end":{"line":30,"column":6}},"12":{"start":{"line":29,"column":6},"end":{"line":29,"column":39}},"13":{"start":{"line":30,"column":6},"end":{"line":34,"column":6}},"14":{"start":{"line":33,"column":6},"end":{"line":33,"column":39}},"15":{"start":{"line":34,"column":6},"end":{"line":34,"column":72}},"16":{"start":{"line":34,"column":72},"end":{"line":34,"column":85}},"17":{"start":{"line":34,"column":86},"end":{"line":67,"column":10}},"18":{"start":{"line":37,"column":31},"end":{"line":37,"column":64}},"19":{"start":{"line":38,"column":6},"end":{"line":38,"column":16}},"20":{"start":{"line":38,"column":26},"end":{"line":38,"column":44}},"21":{"start":{"line":38,"column":54},"end":{"line":38,"column":72}},"22":{"start":{"line":40,"column":6},"end":{"line":63,"column":87}},"23":{"start":{"line":62,"column":39},"end":{"line":62,"column":85}},"24":{"start":{"line":67,"column":10},"end":{"line":67,"column":30}},"25":{"start":{"line":71,"column":0},"end":{"line":72,"column":63}},"26":{"start":{"line":74,"column":0},"end":{"line":74,"column":31}},"27":{"start":{"line":76,"column":0},"end":{"line":76,"column":12}},"28":{"start":{"line":76,"column":13},"end":{"line":76,"column":40}}},"fnMap":{"0":{"name":"(anonymous_0)","decl":{"start":{"line":18,"column":15},"end":{"line":18,"column":16}},"loc":{"start":{"line":18,"column":37},"end":{"line":67,"column":31}},"line":18},"1":{"name":"GenerateForm","decl":{"start":{"line":19,"column":11},"end":{"line":19,"column":23}},"loc":{"start":{"line":19,"column":31},"end":{"line":34,"column":86}},"line":19},"2":{"name":"(anonymous_2)","decl":{"start":{"line":28,"column":21},"end":{"line":28,"column":22}},"loc":{"start":{"line":28,"column":37},"end":{"line":30,"column":5}},"line":28},"3":{"name":"(anonymous_3)","decl":{"start":{"line":32,"column":21},"end":{"line":32,"column":22}},"loc":{"start":{"line":32,"column":37},"end":{"line":34,"column":5}},"line":32},"4":{"name":"render","decl":{"start":{"line":34,"column":159},"end":{"line":34,"column":165}},"loc":{"start":{"line":36,"column":4},"end":{"line":67,"column":5}},"line":36},"5":{"name":"onPress","decl":{"start":{"line":62,"column":28},"end":{"line":62,"column":35}},"loc":{"start":{"line":62,"column":38},"end":{"line":62,"column":86}},"line":62}},"branchMap":{},"s":{"0":2,"1":2,"2":2,"3":2,"4":2,"5":2,"6":2,"7":2,"8":2,"9":3,"10":3,"11":3,"12":0,"13":3,"14":0,"15":3,"16":3,"17":2,"18":3,"19":3,"20":3,"21":3,"22":3,"23":0,"24":2,"25":2,"26":2,"27":2,"28":2},"f":{"0":2,"1":3,"2":0,"3":0,"4":3,"5":0},"b":{},"_coverageSchema":"332fd63041d2c1bcb487cc26dd0d5f7d97098a6c","hash":"22b4fe5c878be7ab3f95925dfd8fec4426799fc4"}
,"/Users/Admin/lyrics_generator/Loading.js": {"path":"/Users/Admin/lyrics_generator/Loading.js","statementMap":{"0":{"start":{"line":1,"column":13},"end":{"line":1,"column":75}},"1":{"start":{"line":1,"column":75},"end":{"line":1,"column":100}},"2":{"start":{"line":7,"column":13},"end":{"line":7,"column":65}},"3":{"start":{"line":10,"column":19},"end":{"line":10,"column":42}},"4":{"start":{"line":13,"column":15},"end":{"line":13,"column":78}},"5":{"start":{"line":13,"column":98},"end":{"line":13,"column":140}},"6":{"start":{"line":15,"column":14},"end":{"line":17,"column":1}},"7":{"start":{"line":16,"column":2},"end":{"line":16,"column":163}},"8":{"start":{"line":19,"column":0},"end":{"line":19,"column":23}},"9":{"start":{"line":20,"column":0},"end":{"line":20,"column":26}},"10":{"start":{"line":22,"column":0},"end":{"line":22,"column":7}},"11":{"start":{"line":22,"column":8},"end":{"line":22,"column":35}}},"fnMap":{"0":{"name":"Loading","decl":{"start":{"line":15,"column":23},"end":{"line":15,"column":30}},"loc":{"start":{"line":15,"column":33},"end":{"line":17,"column":1}},"line":15}},"branchMap":{},"s":{"0":2,"1":2,"2":2,"3":2,"4":2,"5":2,"6":2,"7":2,"8":2,"9":2,"10":2,"11":2},"f":{"0":2},"b":{},"_coverageSchema":"332fd63041d2c1bcb487cc26dd0d5f7d97098a6c","hash":"5d56152742561153a821921b07ef8605ebc132b0"}
,"/Users/Admin/lyrics_generator/Lyrics.js": {"path":"/Users/Admin/lyrics_generator/Lyrics.js","statementMap":{"0":{"start":{"line":1,"column":13},"end":{"line":1,"column":75}},"1":{"start":{"line":1,"column":75},"end":{"line":1,"column":100}},"2":{"start":{"line":7,"column":13},"end":{"line":7,"column":66}},"3":{"start":{"line":8,"column":17},"end":{"line":8,"column":74}},"4":{"start":{"line":11,"column":19},"end":{"line":11,"column":42}},"5":{"start":{"line":14,"column":15},"end":{"line":14,"column":78}},"6":{"start":{"line":14,"column":98},"end":{"line":14,"column":139}},"7":{"start":{"line":16,"column":13},"end":{"line":38,"column":1}},"8":{"start":{"line":17,"column":16},"end":{"line":17,"column":33}},"9":{"start":{"line":17,"column":43},"end":{"line":17,"column":55}},"10":{"start":{"line":17,"column":65},"end":{"line":17,"column":77}},"11":{"start":{"line":17,"column":87},"end":{"line":17,"column":99}},"12":{"start":{"line":19,"column":2},"end":{"line":34,"column":85}},"13":{"start":{"line":33,"column":35},"end":{"line":33,"column":70}},"14":{"start":{"line":40,"column":0},"end":{"line":44,"column":49}},"15":{"start":{"line":46,"column":0},"end":{"line":46,"column":25}},"16":{"start":{"line":48,"column":0},"end":{"line":48,"column":6}},"17":{"start":{"line":48,"column":7},"end":{"line":48,"column":34}}},"fnMap":{"0":{"name":"Lyrics","decl":{"start":{"line":16,"column":22},"end":{"line":16,"column":28}},"loc":{"start":{"line":16,"column":36},"end":{"line":38,"column":1}},"line":16},"1":{"name":"onPress","decl":{"start":{"line":33,"column":24},"end":{"line":33,"column":31}},"loc":{"start":{"line":33,"column":34},"end":{"line":33,"column":71}},"line":33}},"branchMap":{},"s":{"0":2,"1":2,"2":2,"3":2,"4":2,"5":2,"6":2,"7":2,"8":1,"9":1,"10":1,"11":1,"12":1,"13":0,"14":2,"15":2,"16":2,"17":2},"f":{"0":1,"1":0},"b":{},"_coverageSchema":"332fd63041d2c1bcb487cc26dd0d5f7d97098a6c","hash":"185c6e082f24cc819405c06bd4d0ae883d157aa0"}
,"/Users/Admin/lyrics_generator/ReduxApp.js": {"path":"/Users/Admin/lyrics_generator/ReduxApp.js","statementMap":{"0":{"start":{"line":1,"column":13},"end":{"line":1,"column":75}},"1":{"start":{"line":1,"column":75},"end":{"line":1,"column":118}},"2":{"start":{"line":9,"column":13},"end":{"line":9,"column":66}},"3":{"start":{"line":10,"column":17},"end":{"line":10,"column":74}},"4":{"start":{"line":13,"column":19},"end":{"line":13,"column":42}},"5":{"start":{"line":16,"column":18},"end":{"line":16,"column":40}},"6":{"start":{"line":19,"column":15},"end":{"line":19,"column":35}},"7":{"start":{"line":22,"column":21},"end":{"line":22,"column":83}},"8":{"start":{"line":23,"column":20},"end":{"line":23,"column":81}},"9":{"start":{"line":24,"column":15},"end":{"line":24,"column":71}},"10":{"start":{"line":25,"column":14},"end":{"line":25,"column":69}},"11":{"start":{"line":28,"column":16},"end":{"line":28,"column":80}},"12":{"start":{"line":28,"column":100},"end":{"line":28,"column":143}},"13":{"start":{"line":31,"column":10},"end":{"line":66,"column":44}},"14":{"start":{"line":31,"column":33},"end":{"line":31,"column":76}},"15":{"start":{"line":31,"column":96},"end":{"line":31,"column":139}},"16":{"start":{"line":31,"column":139},"end":{"line":31,"column":252}},"17":{"start":{"line":31,"column":253},"end":{"line":66,"column":10}},"18":{"start":{"line":37,"column":6},"end":{"line":37,"column":16}},"19":{"start":{"line":37,"column":31},"end":{"line":37,"column":54}},"20":{"start":{"line":37,"column":80},"end":{"line":37,"column":114}},"21":{"start":{"line":37,"column":139},"end":{"line":37,"column":165}},"22":{"start":{"line":37,"column":174},"end":{"line":37,"column":201}},"23":{"start":{"line":37,"column":214},"end":{"line":37,"column":245}},"24":{"start":{"line":37,"column":255},"end":{"line":37,"column":283}},"25":{"start":{"line":37,"column":293},"end":{"line":37,"column":321}},"26":{"start":{"line":37,"column":331},"end":{"line":37,"column":359}},"27":{"start":{"line":39,"column":6},"end":{"line":45,"column":7}},"28":{"start":{"line":40,"column":8},"end":{"line":42,"column":117}},"29":{"start":{"line":47,"column":6},"end":{"line":53,"column":7}},"30":{"start":{"line":48,"column":8},"end":{"line":50,"column":149}},"31":{"start":{"line":55,"column":6},"end":{"line":62,"column":168}},"32":{"start":{"line":66,"column":10},"end":{"line":66,"column":25}},"33":{"start":{"line":66,"column":45},"end":{"line":66,"column":71}},"34":{"start":{"line":69,"column":22},"end":{"line":70,"column":44}},"35":{"start":{"line":69,"column":55},"end":{"line":70,"column":43}},"36":{"start":{"line":73,"column":25},"end":{"line":77,"column":52}},"37":{"start":{"line":73,"column":64},"end":{"line":77,"column":51}},"38":{"start":{"line":74,"column":77},"end":{"line":75,"column":72}},"39":{"start":{"line":76,"column":41},"end":{"line":77,"column":47}},"40":{"start":{"line":80,"column":15},"end":{"line":83,"column":8}},"41":{"start":{"line":86,"column":0},"end":{"line":94,"column":54}},"42":{"start":{"line":98,"column":0},"end":{"line":98,"column":27}},"43":{"start":{"line":100,"column":0},"end":{"line":100,"column":8}},"44":{"start":{"line":100,"column":9},"end":{"line":100,"column":36}}},"fnMap":{"0":{"name":"(anonymous_0)","decl":{"start":{"line":31,"column":10},"end":{"line":31,"column":11}},"loc":{"start":{"line":31,"column":32},"end":{"line":66,"column":26}},"line":31},"1":{"name":"MainApp","decl":{"start":{"line":31,"column":85},"end":{"line":31,"column":92}},"loc":{"start":{"line":31,"column":95},"end":{"line":31,"column":253}},"line":31},"2":{"name":"render","decl":{"start":{"line":31,"column":321},"end":{"line":31,"column":327}},"loc":{"start":{"line":32,"column":4},"end":{"line":66,"column":5}},"line":32},"3":{"name":"mapStateToProps","decl":{"start":{"line":69,"column":31},"end":{"line":69,"column":46}},"loc":{"start":{"line":69,"column":54},"end":{"line":70,"column":44}},"line":69},"4":{"name":"mapDispatchToProps","decl":{"start":{"line":73,"column":34},"end":{"line":73,"column":52}},"loc":{"start":{"line":73,"column":63},"end":{"line":77,"column":52}},"line":73},"5":{"name":"lyricGenerationRequest","decl":{"start":{"line":74,"column":37},"end":{"line":74,"column":59}},"loc":{"start":{"line":74,"column":76},"end":{"line":75,"column":73}},"line":74},"6":{"name":"clearLyrics","decl":{"start":{"line":76,"column":26},"end":{"line":76,"column":37}},"loc":{"start":{"line":76,"column":40},"end":{"line":77,"column":48}},"line":76}},"branchMap":{"0":{"loc":{"start":{"line":39,"column":6},"end":{"line":45,"column":7}},"type":"if","locations":[{"start":{"line":39,"column":6},"end":{"line":45,"column":7}},{"start":{"line":39,"column":6},"end":{"line":45,"column":7}}],"line":39},"1":{"loc":{"start":{"line":47,"column":6},"end":{"line":53,"column":7}},"type":"if","locations":[{"start":{"line":47,"column":6},"end":{"line":53,"column":7}},{"start":{"line":47,"column":6},"end":{"line":53,"column":7}}],"line":47},"2":{"loc":{"start":{"line":59,"column":8},"end":{"line":62,"column":165}},"type":"cond-expr","locations":[{"start":{"line":60,"column":8},"end":{"line":60,"column":185}},{"start":{"line":62,"column":8},"end":{"line":62,"column":165}}],"line":59}},"s":{"0":1,"1":1,"2":1,"3":1,"4":1,"5":1,"6":1,"7":1,"8":1,"9":1,"10":1,"11":1,"12":1,"13":1,"14":1,"15":4,"16":4,"17":1,"18":4,"19":4,"20":4,"21":4,"22":4,"23":4,"24":4,"25":4,"26":4,"27":4,"28":1,"29":3,"30":1,"31":2,"32":1,"33":1,"34":1,"35":0,"36":1,"37":0,"38":0,"39":0,"40":1,"41":1,"42":1,"43":1,"44":1},"f":{"0":1,"1":4,"2":4,"3":0,"4":0,"5":0,"6":0},"b":{"0":[1,3],"1":[1,2],"2":[0,2]},"_coverageSchema":"332fd63041d2c1bcb487cc26dd0d5f7d97098a6c","hash":"3c44915a6f7ed1ffab73e61072b6c9be9cd73aec"}
,"/Users/Admin/lyrics_generator/actions.js": {"path":"/Users/Admin/lyrics_generator/actions.js","statementMap":{"0":{"start":{"line":1,"column":13},"end":{"line":1,"column":75}},"1":{"start":{"line":1,"column":75},"end":{"line":1,"column":203}},"2":{"start":{"line":2,"column":18},"end":{"line":3,"column":28}},"3":{"start":{"line":2,"column":42},"end":{"line":3,"column":27}},"4":{"start":{"line":3,"column":29},"end":{"line":3,"column":63}},"5":{"start":{"line":7,"column":29},"end":{"line":8,"column":54}},"6":{"start":{"line":7,"column":69},"end":{"line":8,"column":53}},"7":{"start":{"line":8,"column":55},"end":{"line":8,"column":111}},"8":{"start":{"line":12,"column":29},"end":{"line":13,"column":72}},"9":{"start":{"line":12,"column":78},"end":{"line":13,"column":71}},"10":{"start":{"line":13,"column":73},"end":{"line":13,"column":129}},"11":{"start":{"line":17,"column":29},"end":{"line":18,"column":56}},"12":{"start":{"line":17,"column":70},"end":{"line":18,"column":55}},"13":{"start":{"line":18,"column":57},"end":{"line":18,"column":113}}},"fnMap":{"0":{"name":"clearLyrics","decl":{"start":{"line":2,"column":27},"end":{"line":2,"column":38}},"loc":{"start":{"line":2,"column":41},"end":{"line":3,"column":28}},"line":2},"1":{"name":"lyricGenerationFailure","decl":{"start":{"line":7,"column":38},"end":{"line":7,"column":60}},"loc":{"start":{"line":7,"column":68},"end":{"line":8,"column":54}},"line":7},"2":{"name":"lyricGenerationRequest","decl":{"start":{"line":12,"column":38},"end":{"line":12,"column":60}},"loc":{"start":{"line":12,"column":77},"end":{"line":13,"column":72}},"line":12},"3":{"name":"lyricGenerationSuccess","decl":{"start":{"line":17,"column":38},"end":{"line":17,"column":60}},"loc":{"start":{"line":17,"column":69},"end":{"line":18,"column":56}},"line":17}},"branchMap":{},"s":{"0":1,"1":1,"2":1,"3":0,"4":1,"5":1,"6":0,"7":1,"8":1,"9":0,"10":1,"11":1,"12":0,"13":1},"f":{"0":0,"1":0,"2":0,"3":0},"b":{},"_coverageSchema":"332fd63041d2c1bcb487cc26dd0d5f7d97098a6c","hash":"2e75b80b6d57a5fea1f077066eeff1db44d70093"}
,"/Users/Admin/lyrics_generator/styles/ErrorOccurred.js": {"path":"/Users/Admin/lyrics_generator/styles/ErrorOccurred.js","statementMap":{"0":{"start":{"line":1,"column":13},"end":{"line":1,"column":75}},"1":{"start":{"line":1,"column":75},"end":{"line":1,"column":100}},"2":{"start":{"line":2,"column":19},"end":{"line":2,"column":42}},"3":{"start":{"line":4,"column":13},"end":{"line":8,"column":19}},"4":{"start":{"line":12,"column":0},"end":{"line":12,"column":6}},"5":{"start":{"line":12,"column":7},"end":{"line":12,"column":34}}},"fnMap":{},"branchMap":{},"s":{"0":2,"1":2,"2":2,"3":2,"4":2,"5":2},"f":{},"b":{},"_coverageSchema":"332fd63041d2c1bcb487cc26dd0d5f7d97098a6c","hash":"d51080c9759d69bfa9d215f26db71f3f8e01852a"}
,"/Users/Admin/lyrics_generator/styles/GenerateForm.js": {"path":"/Users/Admin/lyrics_generator/styles/GenerateForm.js","statementMap":{"0":{"start":{"line":1,"column":13},"end":{"line":1,"column":75}},"1":{"start":{"line":1,"column":75},"end":{"line":1,"column":100}},"2":{"start":{"line":2,"column":19},"end":{"line":2,"column":42}},"3":{"start":{"line":4,"column":13},"end":{"line":12,"column":19}},"4":{"start":{"line":16,"column":0},"end":{"line":16,"column":6}},"5":{"start":{"line":16,"column":7},"end":{"line":16,"column":34}}},"fnMap":{},"branchMap":{},"s":{"0":2,"1":2,"2":2,"3":2,"4":2,"5":2},"f":{},"b":{},"_coverageSchema":"332fd63041d2c1bcb487cc26dd0d5f7d97098a6c","hash":"0034e409f6b83320269ac3f61a47ee7c227a94f6"}
,"/Users/Admin/lyrics_generator/styles/Loading.js": {"path":"/Users/Admin/lyrics_generator/styles/Loading.js","statementMap":{"0":{"start":{"line":1,"column":13},"end":{"line":1,"column":75}},"1":{"start":{"line":1,"column":75},"end":{"line":1,"column":100}},"2":{"start":{"line":2,"column":19},"end":{"line":2,"column":42}},"3":{"start":{"line":4,"column":13},"end":{"line":8,"column":19}},"4":{"start":{"line":12,"column":0},"end":{"line":12,"column":6}},"5":{"start":{"line":12,"column":7},"end":{"line":12,"column":34}}},"fnMap":{},"branchMap":{},"s":{"0":3,"1":3,"2":3,"3":3,"4":3,"5":3},"f":{},"b":{},"_coverageSchema":"332fd63041d2c1bcb487cc26dd0d5f7d97098a6c","hash":"736db76161223ce976bcf2ed5e43f3f32f0882aa"}
,"/Users/Admin/lyrics_generator/styles/ReduxApp.js": {"path":"/Users/Admin/lyrics_generator/styles/ReduxApp.js","statementMap":{"0":{"start":{"line":1,"column":13},"end":{"line":1,"column":75}},"1":{"start":{"line":1,"column":75},"end":{"line":1,"column":100}},"2":{"start":{"line":2,"column":19},"end":{"line":2,"column":42}},"3":{"start":{"line":4,"column":13},"end":{"line":14,"column":19}},"4":{"start":{"line":18,"column":0},"end":{"line":18,"column":6}},"5":{"start":{"line":18,"column":7},"end":{"line":18,"column":34}}},"fnMap":{},"branchMap":{},"s":{"0":1,"1":1,"2":1,"3":1,"4":1,"5":1},"f":{},"b":{},"_coverageSchema":"332fd63041d2c1bcb487cc26dd0d5f7d97098a6c","hash":"c9f676f112b75fe3d22dcddf1639a61b89b2d955"}
}
