TN:
SF:/Users/Admin/lyrics_generator/Components/ErrorOccurred.js
FN:16,ErrorOccurred
FNF:1
FNH:1
FNDA:3,ErrorOccurred
DA:1,2
DA:7,2
DA:8,2
DA:11,2
DA:14,2
DA:16,2
DA:17,3
DA:19,3
DA:32,2
DA:35,2
DA:37,2
LF:11
LH:11
BRF:0
BRH:0
end_of_record
TN:
SF:/Users/Admin/lyrics_generator/Components/GenerateForm.js
FN:18,(anonymous_0)
FN:19,GenerateForm
FN:28,(anonymous_2)
FN:32,(anonymous_3)
FN:34,render
FN:62,onPress
FNF:6
FNH:4
FNDA:2,(anonymous_0)
FNDA:4,GenerateForm
FNDA:0,(anonymous_2)
FNDA:0,(anonymous_3)
FNDA:4,render
FNDA:1,onPress
DA:1,2
DA:8,2
DA:9,2
DA:12,2
DA:15,2
DA:18,2
DA:19,4
DA:20,4
DA:29,0
DA:30,4
DA:33,0
DA:34,4
DA:37,4
DA:38,4
DA:40,4
DA:62,1
DA:67,2
DA:70,2
DA:73,2
DA:75,2
LF:20
LH:18
BRF:0
BRH:0
end_of_record
TN:
SF:/Users/Admin/lyrics_generator/Components/Loading.js
FN:15,Loading
FNF:1
FNH:1
FNDA:2,Loading
DA:1,2
DA:7,2
DA:10,2
DA:13,2
DA:15,2
DA:16,2
DA:19,2
DA:20,2
DA:22,2
LF:9
LH:9
BRF:0
BRH:0
end_of_record
TN:
SF:/Users/Admin/lyrics_generator/Components/Lyrics.js
FN:16,Lyrics
FN:33,onPress
FNF:2
FNH:2
FNDA:2,Lyrics
FNDA:1,onPress
DA:1,2
DA:7,2
DA:8,2
DA:11,2
DA:14,2
DA:16,2
DA:17,2
DA:19,2
DA:33,1
DA:40,2
DA:46,2
DA:48,2
LF:12
LH:12
BRF:0
BRH:0
end_of_record
TN:
SF:/Users/Admin/lyrics_generator/Components/ReduxApp.js
FN:31,(anonymous_0)
FN:31,MainApp
FN:31,render
FN:74,mapStateToProps
FN:78,mapDispatchToProps
FN:79,lyricGenerationRequest
FN:81,clearLyrics
FNF:7
FNH:3
FNDA:1,(anonymous_0)
FNDA:4,MainApp
FNDA:4,render
FNDA:0,mapStateToProps
FNDA:0,mapDispatchToProps
FNDA:0,lyricGenerationRequest
FNDA:0,clearLyrics
DA:1,1
DA:9,1
DA:10,1
DA:13,1
DA:16,1
DA:19,1
DA:22,1
DA:23,1
DA:24,1
DA:25,1
DA:28,1
DA:31,4
DA:37,4
DA:39,4
DA:40,1
DA:47,3
DA:48,1
DA:55,2
DA:71,1
DA:74,1
DA:78,1
DA:79,0
DA:81,0
DA:84,1
DA:86,1
DA:98,1
DA:100,1
LF:27
LH:25
BRDA:39,0,0,1
BRDA:39,0,1,3
BRDA:47,1,0,1
BRDA:47,1,1,2
BRDA:59,2,0,0
BRDA:59,2,1,2
BRF:6
BRH:5
end_of_record
TN:
SF:/Users/Admin/lyrics_generator/Components/styles/ErrorOccurred.js
FNF:0
FNH:0
DA:1,2
DA:2,2
DA:4,2
DA:12,2
LF:4
LH:4
BRF:0
BRH:0
end_of_record
TN:
SF:/Users/Admin/lyrics_generator/Components/styles/GenerateForm.js
FNF:0
FNH:0
DA:1,2
DA:2,2
DA:4,2
DA:16,2
LF:4
LH:4
BRF:0
BRH:0
end_of_record
TN:
SF:/Users/Admin/lyrics_generator/Components/styles/Loading.js
FNF:0
FNH:0
DA:1,3
DA:2,3
DA:4,3
DA:12,3
LF:4
LH:4
BRF:0
BRH:0
end_of_record
TN:
SF:/Users/Admin/lyrics_generator/Components/styles/ReduxApp.js
FNF:0
FNH:0
DA:1,1
DA:2,1
DA:4,1
DA:18,1
LF:4
LH:4
BRF:0
BRH:0
end_of_record
TN:
SF:/Users/Admin/lyrics_generator/Redux/actionCreators.js
FN:4,clearLyrics
FN:9,lyricGenerationFailure
FN:15,lyricGenerationRequest
FN:22,lyricGenerationSuccess
FNF:4
FNH:0
FNDA:0,clearLyrics
FNDA:0,lyricGenerationFailure
FNDA:0,lyricGenerationRequest
FNDA:0,lyricGenerationSuccess
DA:1,1
DA:4,1
DA:5,1
DA:9,1
DA:11,1
DA:15,1
DA:18,1
DA:22,1
DA:24,1
LF:9
LH:9
BRF:0
BRH:0
end_of_record
TN:
SF:/Users/Admin/lyrics_generator/Redux/actionTypes.js
FNF:0
FNH:0
DA:1,1
DA:8,1
LF:2
LH:2
BRF:0
BRH:0
end_of_record
