TN:
SF:/Users/Admin/lyrics_generator/Components/App.js
FN:30,(anonymous_0)
FN:30,App
FN:30,render
FNF:3
FNH:3
FNDA:1,(anonymous_0)
FNDA:1,App
FNDA:1,render
DA:1,1
DA:9,1
DA:10,1
DA:13,1
DA:14,1
DA:15,1
DA:18,1
DA:21,1
DA:24,1
DA:27,1
DA:30,1
DA:33,1
DA:36,1
DA:37,1
DA:40,1
DA:43,1
DA:45,1
DA:47,1
DA:52,1
DA:55,1
DA:56,1
DA:58,1
LF:22
LH:22
BRF:0
BRH:0
end_of_record
TN:
SF:/Users/Admin/lyrics_generator/Components/ErrorOccurred.js
FN:16,ErrorOccurred
FNF:1
FNH:1
FNDA:3,ErrorOccurred
DA:1,3
DA:7,3
DA:8,3
DA:11,3
DA:14,3
DA:16,3
DA:17,3
DA:19,3
DA:32,3
DA:35,3
DA:37,3
LF:11
LH:11
BRF:0
BRH:0
end_of_record
TN:
SF:/Users/Admin/lyrics_generator/Components/GenerateForm.js
FN:18,(anonymous_0)
FN:19,GenerateForm
FN:28,(anonymous_2)
FN:32,(anonymous_3)
FN:34,render
FN:62,onPress
FNF:6
FNH:6
FNDA:3,(anonymous_0)
FNDA:7,GenerateForm
FNDA:1,(anonymous_2)
FNDA:1,(anonymous_3)
FNDA:9,render
FNDA:1,onPress
DA:1,3
DA:8,3
DA:9,3
DA:12,3
DA:15,3
DA:18,3
DA:19,7
DA:20,7
DA:29,1
DA:30,7
DA:33,1
DA:34,7
DA:37,9
DA:38,9
DA:40,9
DA:62,1
DA:67,3
DA:70,3
DA:73,3
DA:75,3
LF:20
LH:20
BRF:0
BRH:0
end_of_record
TN:
SF:/Users/Admin/lyrics_generator/Components/Loading.js
FN:15,Loading
FNF:1
FNH:1
FNDA:2,Loading
DA:1,3
DA:7,3
DA:10,3
DA:13,3
DA:15,3
DA:16,2
DA:19,3
DA:20,3
DA:22,3
LF:9
LH:9
BRF:0
BRH:0
end_of_record
TN:
SF:/Users/Admin/lyrics_generator/Components/Lyrics.js
FN:16,Lyrics
FN:33,onPress
FNF:2
FNH:2
FNDA:2,Lyrics
FNDA:1,onPress
DA:1,3
DA:7,3
DA:8,3
DA:11,3
DA:14,3
DA:16,3
DA:17,2
DA:19,2
DA:33,1
DA:40,3
DA:46,3
DA:48,3
LF:12
LH:12
BRF:0
BRH:0
end_of_record
TN:
SF:/Users/Admin/lyrics_generator/Components/ReduxApp.js
FN:31,(anonymous_0)
FN:31,MainApp
FN:31,render
FN:74,mapStateToProps
FN:78,mapDispatchToProps
FN:79,lyricGenerationRequest
FN:81,clearLyrics
FNF:7
FNH:5
FNDA:2,(anonymous_0)
FNDA:5,MainApp
FNDA:5,render
FNDA:1,mapStateToProps
FNDA:1,mapDispatchToProps
FNDA:0,lyricGenerationRequest
FNDA:0,clearLyrics
DA:1,2
DA:9,2
DA:10,2
DA:13,2
DA:16,2
DA:19,2
DA:22,2
DA:23,2
DA:24,2
DA:25,2
DA:28,2
DA:31,5
DA:37,5
DA:39,5
DA:40,1
DA:47,4
DA:48,1
DA:55,3
DA:71,2
DA:74,2
DA:78,2
DA:79,0
DA:81,0
DA:84,2
DA:86,2
DA:98,2
DA:100,2
LF:27
LH:25
BRDA:39,0,0,1
BRDA:39,0,1,4
BRDA:47,1,0,1
BRDA:47,1,1,3
BRDA:59,2,0,0
BRDA:59,2,1,3
BRF:6
BRH:5
end_of_record
TN:
SF:/Users/Admin/lyrics_generator/Components/styles/ErrorOccurred.js
FNF:0
FNH:0
DA:1,3
DA:2,3
DA:4,3
DA:12,3
LF:4
LH:4
BRF:0
BRH:0
end_of_record
TN:
SF:/Users/Admin/lyrics_generator/Components/styles/GenerateForm.js
FNF:0
FNH:0
DA:1,3
DA:2,3
DA:4,3
DA:16,3
LF:4
LH:4
BRF:0
BRH:0
end_of_record
TN:
SF:/Users/Admin/lyrics_generator/Components/styles/Loading.js
FNF:0
FNH:0
DA:1,4
DA:2,4
DA:4,4
DA:12,4
LF:4
LH:4
BRF:0
BRH:0
end_of_record
TN:
SF:/Users/Admin/lyrics_generator/Components/styles/ReduxApp.js
FNF:0
FNH:0
DA:1,2
DA:2,2
DA:4,2
DA:18,2
LF:4
LH:4
BRF:0
BRH:0
end_of_record
TN:
SF:/Users/Admin/lyrics_generator/Redux/actionCreators.js
FN:4,clearLyrics
FN:9,lyricGenerationFailure
FN:15,lyricGenerationRequest
FN:22,lyricGenerationSuccess
FNF:4
FNH:4
FNDA:1,clearLyrics
FNDA:3,lyricGenerationFailure
FNDA:1,lyricGenerationRequest
FNDA:3,lyricGenerationSuccess
DA:1,4
DA:4,4
DA:5,4
DA:9,4
DA:11,4
DA:15,4
DA:18,4
DA:22,4
DA:24,4
LF:9
LH:9
BRF:0
BRH:0
end_of_record
TN:
SF:/Users/Admin/lyrics_generator/Redux/actionTypes.js
FNF:0
FNH:0
DA:1,5
DA:8,5
LF:2
LH:2
BRF:0
BRH:0
end_of_record
TN:
SF:/Users/Admin/lyrics_generator/Redux/lyricGenerator.js
FN:14,lyricGenerator
FNF:1
FNH:1
FNDA:7,lyricGenerator
DA:1,2
DA:4,2
DA:9,2
DA:14,7
DA:15,7
DA:18,1
DA:22,1
DA:23,1
DA:32,1
DA:33,1
DA:43,1
DA:44,1
DA:51,3
DA:55,2
LF:14
LH:14
BRDA:14,0,0,4
BRDA:14,0,1,3
BRDA:14,1,0,7
BRDA:14,1,1,7
BRDA:14,2,0,7
BRDA:14,2,1,0
BRDA:15,3,0,1
BRDA:15,3,1,1
BRDA:15,3,2,1
BRDA:15,3,3,1
BRDA:15,3,4,3
BRF:11
BRH:10
end_of_record
TN:
SF:/Users/Admin/lyrics_generator/Redux/lyricGeneratorSaga.js
FN:60,lyricGenerationRequestSaga
FN:60,lyricGenerationRequestSaga$
FN:60,APIRequest
FN:60,(anonymous_3)
FN:60,(anonymous_4)
FN:60,(anonymous_5)
FN:60,lyricGeneratorSaga
FN:60,lyricGeneratorSaga$
FNF:8
FNH:4
FNDA:2,lyricGenerationRequestSaga
FNDA:6,lyricGenerationRequestSaga$
FNDA:0,APIRequest
FNDA:0,(anonymous_3)
FNDA:0,(anonymous_4)
FNDA:0,(anonymous_5)
FNDA:2,lyricGeneratorSaga
FNDA:4,lyricGeneratorSaga$
DA:1,2
DA:3,2
DA:6,2
DA:12,2
DA:60,8
DA:61,2
DA:63,2
LF:7
LH:7
BRDA:60,0,0,2
BRDA:60,0,1,2
BRDA:60,0,2,1
BRDA:60,0,3,1
BRDA:60,0,4,2
BRDA:60,0,5,2
BRDA:60,1,0,1
BRDA:60,1,1,1
BRDA:60,2,0,2
BRDA:60,2,1,2
BRDA:60,2,2,2
BRF:11
BRH:11
end_of_record
TN:
SF:/Users/Admin/lyrics_generator/Redux/rootReducer.js
FNF:0
FNH:0
DA:1,1
DA:2,1
DA:5,1
DA:8,1
DA:9,1
LF:5
LH:5
BRF:0
BRH:0
end_of_record
TN:
SF:/Users/Admin/lyrics_generator/Redux/rootSaga.js
FN:4,rootSaga
FN:4,rootSaga$
FNF:2
FNH:2
FNDA:1,rootSaga
FNDA:2,rootSaga$
DA:1,1
DA:2,1
DA:4,2
DA:5,1
LF:4
LH:4
BRDA:4,0,0,1
BRDA:4,0,1,1
BRDA:4,0,2,1
BRF:3
BRH:3
end_of_record
